<?xml version="1.0" encoding="UTF-8"?>
<testExecutions version="1">
    <file path="/home/developer/Moringa/DevOpsC4G3/Week-8/test.js">
        <testCase name="/ endpoint" duration="58"/>
        <testCase name="/users endpoint" duration="7"/>
    </file>
</testExecutions>